fatal: not a git repository (or any of the parent directories): .git
fatal: not a git repository (or any of the parent directories): .git
fatal: not a git repository (or any of the parent directories): .git
fatal: not a git repository (or any of the parent directories): .git
fatal: not a git repository (or any of the parent directories): .git
fatal: not a git repository (or any of the parent directories): .git
fatal: not a git repository (or any of the parent directories): .git
fatal: not a git repository (or any of the parent directories): .git
fatal: not a git repository (or any of the parent directories): .git
fatal: not a git repository (or any of the parent directories): .git
fatal: not a git repository (or any of the parent directories): .git
fatal: not a git repository (or any of the parent directories): .git
fatal: not a git repository (or any of the parent directories): .git
fatal: not a git repository (or any of the parent directories): .git
fatal: not a git repository (or any of the parent directories): .git
fatal: not a git repository (or any of the parent directories): .git
fatal: not a git repository (or any of the parent directories): .git
fatal: not a git repository (or any of the parent directories): .git
fatal: not a git repository (or any of the parent directories): .git
fatal: not a git repository (or any of the parent directories): .git
fatal: not a git repository (or any of the parent directories): .git
fatal: not a git repository (or any of the parent directories): .git
fatal: not a git repository (or any of the parent directories): .git
fatal: not a git repository (or any of the parent directories): .git
=== Mon Jul  7 11:14:47 UTC 2025 ===
=== Mon Jul  7 11:17:01 UTC 2025 ===
fatal: not a git repository (or any of the parent directories): .git
fatal: not a git repository (or any of the parent directories): .git
fatal: not a git repository (or any of the parent directories): .git
fatal: not a git repository (or any of the parent directories): .git
=== Mon Jul  7 11:23:01 UTC 2025 ===
[main 842649d] Update json-files from server
 1 file changed, 1 insertion(+), 1 deletion(-)
 rewrite matches.json (88%)
To github.com:zaharik-ua/carcassonne-gg-backups.git
   c0b3379..842649d  main -> main
=== Mon Jul  7 11:28:48 UTC 2025 ===
=== Mon Jul  7 12:25:07 UTC 2025 ===
=== Mon Jul  7 12:26:33 UTC 2025 ===
=== Tue Jul  8 00:00:01 UTC 2025 ===
On branch main
Your branch is up to date with 'origin/main'.

Untracked files:
  (use "git add <file>..." to include in what will be committed)
	../cron_backup.log

nothing added to commit but untracked files present (use "git add" to track)
=== Wed Jul  9 00:00:01 UTC 2025 ===
[main ab8ec72] Update json-files from server
 2 files changed, 2 insertions(+), 2 deletions(-)
 rewrite fallback-data/masters.json (92%)
To github.com:zaharik-ua/carcassonne-gg-backups.git
 ! [rejected]        main -> main (fetch first)
error: failed to push some refs to 'github.com:zaharik-ua/carcassonne-gg-backups.git'
hint: Updates were rejected because the remote contains work that you do
hint: not have locally. This is usually caused by another repository pushing
hint: to the same ref. You may want to first integrate the remote changes
hint: (e.g., 'git pull ...') before pushing again.
hint: See the 'Note about fast-forwards' in 'git push --help' for details.
=== Wed Jul  9 09:18:11 UTC 2025 ===
=== Wed Jul  9 09:21:57 UTC 2025 ===
=== Wed Jul  9 09:23:43 UTC 2025 ===
=== Wed Jul  9 09:25:17 UTC 2025 ===
=== Wed Jul  9 09:45:21 UTC 2025 ===
=== Wed Jul  9 10:31:15 UTC 2025 ===
=== Wed Jul  9 12:38:08 UTC 2025 ===
=== Wed Jul  9 12:39:54 UTC 2025 ===
=== Wed Jul  9 12:41:36 UTC 2025 ===
=== Wed Jul  9 14:32:17 UTC 2025 ===
=== Wed Jul  9 14:38:53 UTC 2025 ===
=== Wed Jul  9 19:32:06 UTC 2025 ===
=== Wed Jul  9 19:41:13 UTC 2025 ===
=== Wed Jul  9 19:42:47 UTC 2025 ===
=== Thu Jul 10 00:00:01 UTC 2025 ===
[main 29747bc] Update json-files from server
 1 file changed, 1 insertion(+), 1 deletion(-)
To github.com:zaharik-ua/carcassonne-gg.git
   f0ad4ad..29747bc  main -> main
=== Thu Jul 10 11:32:03 UTC 2025 ===
=== Thu Jul 10 11:46:04 UTC 2025 ===
=== Thu Jul 10 12:10:08 UTC 2025 ===
=== Thu Jul 10 13:40:18 UTC 2025 ===
=== Fri Jul 11 00:00:01 UTC 2025 ===
On branch main
Your branch is up to date with 'origin/main'.

Untracked files:
  (use "git add <file>..." to include in what will be committed)
	../cron_backup.log

nothing added to commit but untracked files present (use "git add" to track)
=== Fri Jul 11 08:33:38 UTC 2025 ===
=== Fri Jul 11 08:40:03 UTC 2025 ===
=== Fri Jul 11 08:44:11 UTC 2025 ===
=== Fri Jul 11 09:29:22 UTC 2025 ===
=== Fri Jul 11 11:53:56 UTC 2025 ===
=== Fri Jul 11 11:56:34 UTC 2025 ===
=== Fri Jul 11 11:58:09 UTC 2025 ===
=== Fri Jul 11 12:18:09 UTC 2025 ===
=== Fri Jul 11 12:50:18 UTC 2025 ===
=== Fri Jul 11 12:55:52 UTC 2025 ===
=== Fri Jul 11 13:19:56 UTC 2025 ===
=== Fri Jul 11 13:25:32 UTC 2025 ===
=== Fri Jul 11 13:40:44 UTC 2025 ===
=== Fri Jul 11 13:48:37 UTC 2025 ===
=== Fri Jul 11 14:05:40 UTC 2025 ===
=== Fri Jul 11 14:15:18 UTC 2025 ===
=== Fri Jul 11 14:27:31 UTC 2025 ===
=== Fri Jul 11 14:51:46 UTC 2025 ===
=== Sat Jul 12 00:00:01 UTC 2025 ===
On branch main
Your branch is up to date with 'origin/main'.

Untracked files:
  (use "git add <file>..." to include in what will be committed)
	../cron_backup.log

nothing added to commit but untracked files present (use "git add" to track)
=== Sun Jul 13 00:00:01 UTC 2025 ===
On branch main
Your branch is up to date with 'origin/main'.

Untracked files:
  (use "git add <file>..." to include in what will be committed)
	../cron_backup.log

nothing added to commit but untracked files present (use "git add" to track)
=== Sun Jul 13 13:08:49 UTC 2025 ===
=== Mon Jul 14 00:00:01 UTC 2025 ===
On branch main
Your branch is up to date with 'origin/main'.

Untracked files:
  (use "git add <file>..." to include in what will be committed)
	../cron_backup.log

nothing added to commit but untracked files present (use "git add" to track)
=== Mon Jul 14 21:11:11 UTC 2025 ===
=== Mon Jul 14 21:13:02 UTC 2025 ===
=== Tue Jul 15 00:00:01 UTC 2025 ===
On branch main
Your branch is up to date with 'origin/main'.

Untracked files:
  (use "git add <file>..." to include in what will be committed)
	../cron_backup.log

nothing added to commit but untracked files present (use "git add" to track)
=== Tue Jul 15 10:36:45 UTC 2025 ===
=== Wed Jul 16 00:00:01 UTC 2025 ===
[main 8612833] Update json-files from server
 1 file changed, 1 insertion(+), 1 deletion(-)
 rewrite fallback-data/masters.json (79%)
To github.com:zaharik-ua/carcassonne-gg.git
   5b874c4..8612833  main -> main
=== Wed Jul 16 14:01:57 UTC 2025 ===
=== Thu Jul 17 00:00:02 UTC 2025 ===
[main 9eaba2d] Update json-files from server
 1 file changed, 1 insertion(+), 1 deletion(-)
 rewrite fallback-data/tournaments.json (71%)
To github.com:zaharik-ua/carcassonne-gg.git
   27cbf2a..9eaba2d  main -> main
=== Thu Jul 17 10:45:21 UTC 2025 ===
=== Thu Jul 17 11:02:02 UTC 2025 ===
=== Fri Jul 18 00:00:01 UTC 2025 ===
On branch main
Your branch is up to date with 'origin/main'.

Untracked files:
  (use "git add <file>..." to include in what will be committed)
	../cron_backup.log

nothing added to commit but untracked files present (use "git add" to track)
=== Fri Jul 18 10:36:07 UTC 2025 ===
=== Fri Jul 18 16:13:28 UTC 2025 ===
=== Sat Jul 19 00:00:01 UTC 2025 ===
[main 1719574] Update json-files from server
 2 files changed, 2 insertions(+), 2 deletions(-)
To github.com:zaharik-ua/carcassonne-gg.git
   27d6c18..1719574  main -> main
=== Sun Jul 20 00:00:01 UTC 2025 ===
[main 5d81fdf] Update json-files from server
 2 files changed, 2 insertions(+), 2 deletions(-)
 rewrite fallback-data/masters.json (86%)
 rewrite fallback-data/matches.json (97%)
To github.com:zaharik-ua/carcassonne-gg.git
   1719574..5d81fdf  main -> main
=== Sun Jul 20 12:44:46 UTC 2025 ===
=== Sun Jul 20 13:41:25 UTC 2025 ===
=== Sun Jul 20 20:37:39 UTC 2025 ===
=== Sun Jul 20 20:54:22 UTC 2025 ===
=== Sun Jul 20 21:06:15 UTC 2025 ===
=== Mon Jul 21 00:00:01 UTC 2025 ===
[main 22dfefe] Update json-files from server
 1 file changed, 1 insertion(+), 1 deletion(-)
To github.com:zaharik-ua/carcassonne-gg.git
   68425da..22dfefe  main -> main
=== Mon Jul 21 22:18:04 UTC 2025 ===
=== Mon Jul 21 22:20:08 UTC 2025 ===
=== Mon Jul 21 22:20:59 UTC 2025 ===
=== Tue Jul 22 00:00:01 UTC 2025 ===
On branch main
Your branch is up to date with 'origin/main'.

Untracked files:
  (use "git add <file>..." to include in what will be committed)
	../cron_backup.log

nothing added to commit but untracked files present (use "git add" to track)
=== Tue Jul 22 12:21:13 UTC 2025 ===
=== Tue Jul 22 12:34:47 UTC 2025 ===
=== Tue Jul 22 14:22:04 UTC 2025 ===
=== Tue Jul 22 14:23:08 UTC 2025 ===
=== Tue Jul 22 14:52:38 UTC 2025 ===
=== Tue Jul 22 15:55:44 UTC 2025 ===
=== Tue Jul 22 16:22:07 UTC 2025 ===
=== Tue Jul 22 16:43:50 UTC 2025 ===
=== Wed Jul 23 00:00:01 UTC 2025 ===
[main 9a18f9d] Update json-files from server
 4 files changed, 4 insertions(+), 4 deletions(-)
 rewrite fallback-data/masters.json (78%)
To github.com:zaharik-ua/carcassonne-gg.git
   540739f..9a18f9d  main -> main
=== Thu Jul 24 00:00:01 UTC 2025 ===
[main 72ecb26] Update json-files from server
 2 files changed, 2 insertions(+), 2 deletions(-)
 rewrite fallback-data/tournaments.json (68%)
To github.com:zaharik-ua/carcassonne-gg.git
   9a18f9d..72ecb26  main -> main
=== Fri Jul 25 12:04:28 UTC 2025 ===
=== Fri Jul 25 12:15:01 UTC 2025 ===
=== Fri Jul 25 12:30:01 UTC 2025 ===
=== Fri Jul 25 12:45:01 UTC 2025 ===
=== Fri Jul 25 13:00:02 UTC 2025 ===
=== Fri Jul 25 13:15:01 UTC 2025 ===
=== Fri Jul 25 13:30:01 UTC 2025 ===
=== Fri Jul 25 13:45:01 UTC 2025 ===
=== Fri Jul 25 14:00:01 UTC 2025 ===
=== Fri Jul 25 14:15:02 UTC 2025 ===
=== Fri Jul 25 14:30:01 UTC 2025 ===
=== Fri Jul 25 14:45:01 UTC 2025 ===
=== Fri Jul 25 15:00:01 UTC 2025 ===
=== Fri Jul 25 15:15:01 UTC 2025 ===
=== Fri Jul 25 15:30:01 UTC 2025 ===
=== Fri Jul 25 15:45:01 UTC 2025 ===
=== Fri Jul 25 16:00:01 UTC 2025 ===
=== Fri Jul 25 16:15:01 UTC 2025 ===
=== Fri Jul 25 16:16:21 UTC 2025 ===
=== Fri Jul 25 16:18:11 UTC 2025 ===
=== Fri Jul 25 16:29:21 UTC 2025 ===
=== Fri Jul 25 16:30:01 UTC 2025 ===
=== Fri Jul 25 16:43:35 UTC 2025 ===
=== Fri Jul 25 16:45:01 UTC 2025 ===
=== Fri Jul 25 17:33:52 UTC 2025 ===
=== Fri Jul 25 17:34:42 UTC 2025 ===
=== Fri Jul 25 17:35:37 UTC 2025 ===
=== Fri Jul 25 17:36:50 UTC 2025 ===
=== Tue Jul 29 11:17:13 UTC 2025 ===
=== Tue Jul 29 11:19:45 UTC 2025 ===
=== Wed Jul 30 00:05:01 UTC 2025 ===
On branch main
Your branch is up to date with 'origin/main'.

Changes not staged for commit:
  (use "git add <file>..." to update what will be committed)
  (use "git restore <file>..." to discard changes in working directory)
	modified:   ../cron_update_open.log
	modified:   ../update_backup_files.sh

Untracked files:
  (use "git add <file>..." to include in what will be committed)
	../cron_backup.log
	../debug.json
	temp.json

no changes added to commit (use "git add" and/or "git commit -a")
=== Thu Jul 31 00:05:01 UTC 2025 ===
[main 5a2a8d3] Update json-files from server
 1 file changed, 1 insertion(+), 1 deletion(-)
To github.com:zaharik-ua/carcassonne-gg.git
 ! [rejected]        main -> main (fetch first)
error: failed to push some refs to 'github.com:zaharik-ua/carcassonne-gg.git'
hint: Updates were rejected because the remote contains work that you do
hint: not have locally. This is usually caused by another repository pushing
hint: to the same ref. You may want to first integrate the remote changes
hint: (e.g., 'git pull ...') before pushing again.
hint: See the 'Note about fast-forwards' in 'git push --help' for details.
=== Fri Aug  1 00:05:01 UTC 2025 ===
On branch main
Your branch is up to date with 'origin/main'.

Changes not staged for commit:
  (use "git add <file>..." to update what will be committed)
  (use "git restore <file>..." to discard changes in working directory)
	modified:   ../cron_update_open.log

Untracked files:
  (use "git add <file>..." to include in what will be committed)
	../cron_backup.log
	../debug.json

no changes added to commit (use "git add" and/or "git commit -a")
=== Sat Aug  2 00:05:02 UTC 2025 ===
On branch main
Your branch is up to date with 'origin/main'.

Changes not staged for commit:
  (use "git add <file>..." to update what will be committed)
  (use "git restore <file>..." to discard changes in working directory)
	modified:   ../cron_update_open.log

Untracked files:
  (use "git add <file>..." to include in what will be committed)
	../cron_backup.log
	../debug.json

no changes added to commit (use "git add" and/or "git commit -a")
=== Sun Aug  3 00:05:01 UTC 2025 ===
On branch main
Your branch is up to date with 'origin/main'.

Changes not staged for commit:
  (use "git add <file>..." to update what will be committed)
  (use "git restore <file>..." to discard changes in working directory)
	modified:   ../cron_update_open.log

Untracked files:
  (use "git add <file>..." to include in what will be committed)
	../cron_backup.log
	../debug.json

no changes added to commit (use "git add" and/or "git commit -a")
