=== 2025-09-18 07:19:49 ===
No updates
=== 2025-09-18 08:05:01 ===
Updated: masters.json
[main 3082a57] Update json-files from server
 1 file changed, 1 insertion(+), 1 deletion(-)
 rewrite json-data/masters.json (98%)
error: cannot pull with rebase: You have unstaged changes.
error: please commit or stash them.
To github.com:zaharik-ua/carcassonne-gg.git
   6821bc6..3082a57  main -> main
=== 2025-09-18 09:05:01 ===
No updates
=== 2025-09-18 10:05:01 ===
No updates
=== 2025-09-18 11:05:01 ===
No updates
=== 2025-09-18 12:05:01 ===
No updates
=== 2025-09-18 13:05:01 ===
No updates
=== 2025-09-18 14:05:01 ===
No updates
=== 2025-09-18 15:05:01 ===
No updates
=== 2025-09-18 16:05:01 ===
No updates
=== 2025-09-18 17:05:01 ===
No updates
=== 2025-09-18 18:05:01 ===
No updates
=== 2025-09-18 19:05:01 ===
No updates
=== 2025-09-18 20:05:01 ===
No updates
=== 2025-09-18 21:05:01 ===
No updates
=== 2025-09-18 22:05:01 ===
No updates
=== 2025-09-18 23:05:01 ===
No updates
=== 2025-09-19 00:05:01 ===
No updates
=== 2025-09-19 01:05:01 ===
No updates
=== 2025-09-19 02:05:01 ===
No updates
=== 2025-09-19 03:05:01 ===
No updates
=== 2025-09-19 04:05:01 ===
No updates
=== 2025-09-19 05:05:01 ===
No updates
=== 2025-09-19 06:05:01 ===
No updates
=== 2025-09-19 07:05:01 ===
No updates
=== 2025-09-19 08:05:02 ===
❌ Failed to fetch or parse masters.json (response: <html>
<head><title>504 Gateway Time-out</title></head>
<body>
<center><h1>504 Gateway Time-out</h1></center>
<hr><center>nginx/1.18.0 (Ubuntu)</center>
</body>
</html>)
❌ Failed to fetch or parse achievements.json (response: <html>
<head><title>504 Gateway Time-out</title></head>
<body>
<center><h1>504 Gateway Time-out</h1></center>
<hr><center>nginx/1.18.0 (Ubuntu)</center>
</body>
</html>)
No updates
=== 2025-09-19 09:05:01 ===
No updates
=== 2025-09-19 10:05:01 ===
No updates
=== 2025-09-19 11:05:01 ===
No updates
=== 2025-09-19 12:05:01 ===
No updates
=== 2025-09-19 13:05:01 ===
No updates
=== 2025-09-19 14:05:01 ===
No updates
=== 2025-09-19 15:05:02 ===
No updates
=== 2025-09-19 16:05:01 ===
No updates
=== 2025-09-19 17:05:01 ===
No updates
=== 2025-09-19 18:05:01 ===
❌ Failed to fetch or parse achievements.json (response: <html>
<head><title>504 Gateway Time-out</title></head>
<body>
<center><h1>504 Gateway Time-out</h1></center>
<hr><center>nginx/1.18.0 (Ubuntu)</center>
</body>
</html>)
No updates
=== 2025-09-19 19:05:02 ===
No updates
=== 2025-09-19 20:05:01 ===
No updates
=== 2025-09-19 21:05:01 ===
No updates
=== 2025-09-19 22:05:01 ===
No updates
=== 2025-09-19 23:05:01 ===
No updates
=== 2025-09-20 00:05:01 ===
No updates
=== 2025-09-20 01:05:01 ===
No updates
=== 2025-09-20 02:05:02 ===
No updates
=== 2025-09-20 03:05:01 ===
No updates
=== 2025-09-20 04:05:02 ===
No updates
=== 2025-09-20 05:05:01 ===
No updates
=== 2025-09-20 06:05:01 ===
No updates
=== 2025-09-20 07:05:01 ===
No updates
=== 2025-09-20 08:05:01 ===
No updates
=== 2025-09-20 09:05:01 ===
No updates
=== 2025-09-20 10:05:06 ===
❌ Failed to fetch or parse masters.json (response: )
❌ Failed to fetch or parse achievements.json (response: <html>
<head><title>504 Gateway Time-out</title></head>
<body>
<center><h1>504 Gateway Time-out</h1></center>
<hr><center>nginx/1.18.0 (Ubuntu)</center>
</body>
</html>)
No updates
=== 2025-09-20 11:05:01 ===
No updates
=== 2025-09-20 12:05:01 ===
No updates
=== 2025-09-20 13:05:01 ===
No updates
=== 2025-09-20 14:05:01 ===
No updates
=== 2025-09-20 15:05:01 ===
No updates
=== 2025-09-20 16:05:01 ===
No updates
=== 2025-09-20 17:05:02 ===
No updates
=== 2025-09-20 18:05:01 ===
No updates
=== 2025-09-20 19:05:02 ===
No updates
=== 2025-09-20 20:05:01 ===
No updates
=== 2025-09-20 21:05:01 ===
No updates
=== 2025-09-20 22:05:01 ===
No updates
=== 2025-09-20 23:05:01 ===
No updates
=== 2025-09-21 00:05:01 ===
No updates
=== 2025-09-21 01:05:01 ===
No updates
=== 2025-09-21 02:05:01 ===
No updates
=== 2025-09-21 03:05:01 ===
No updates
=== 2025-09-21 04:05:01 ===
No updates
=== 2025-09-21 05:05:01 ===
No updates
=== 2025-09-21 06:05:01 ===
No updates
=== 2025-09-21 07:05:01 ===
No updates
=== 2025-09-21 08:05:01 ===
No updates
=== 2025-09-21 09:05:01 ===
No updates
=== 2025-09-21 10:05:01 ===
No updates
=== 2025-09-21 11:05:01 ===
No updates
=== 2025-09-21 12:05:01 ===
No updates
=== 2025-09-21 13:05:01 ===
No updates
=== 2025-09-21 14:05:01 ===
No updates
